Using pre-set license
Built from '2022.3/staging' branch; Version is '2022.3.17f1 (4fc78088f837) revision 5228416'; Using compiler version '192829333'; Build Type 'Release'
OS: 'Windows 11  (10.0.22631) 64bit Core' Language: 'ko' Physical Memory: 32348 MB
BatchMode: 1, IsHumanControllingUs: 0, StartBugReporterOnCrash: 0, Is64bit: 1, IsPro: 1

COMMAND LINE ARGUMENTS:
C:\Program Files\Unity\Hub\Editor\2022.3.17f1\Editor\Unity.exe
-adb2
-batchMode
-noUpm
-name
AssetImportWorker14
-projectPath
C:/Users/happy/OneDrive/ë°”íƒ• í™”ë©´/EscapeX
-logFile
Logs/AssetImportWorker14.log
-srvPort
50926
Successfully changed project path to: C:/Users/happy/OneDrive/ë°”íƒ• í™”ë©´/EscapeX
C:/Users/happy/OneDrive/ë°”íƒ• í™”ë©´/EscapeX
[UnityMemory] Configuration Parameters - Can be set up in boot.config
    "memorysetup-bucket-allocator-granularity=16"
    "memorysetup-bucket-allocator-bucket-count=8"
    "memorysetup-bucket-allocator-block-size=33554432"
    "memorysetup-bucket-allocator-block-count=8"
    "memorysetup-main-allocator-block-size=16777216"
    "memorysetup-thread-allocator-block-size=16777216"
    "memorysetup-gfx-main-allocator-block-size=16777216"
    "memorysetup-gfx-thread-allocator-block-size=16777216"
    "memorysetup-cache-allocator-block-size=4194304"
    "memorysetup-typetree-allocator-block-size=2097152"
    "memorysetup-profiler-bucket-allocator-granularity=16"
    "memorysetup-profiler-bucket-allocator-bucket-count=8"
    "memorysetup-profiler-bucket-allocator-block-size=33554432"
    "memorysetup-profiler-bucket-allocator-block-count=8"
    "memorysetup-profiler-allocator-block-size=16777216"
    "memorysetup-profiler-editor-allocator-block-size=1048576"
    "memorysetup-temp-allocator-size-main=16777216"
    "memorysetup-job-temp-allocator-block-size=2097152"
    "memorysetup-job-temp-allocator-block-size-background=1048576"
    "memorysetup-job-temp-allocator-reduction-small-platforms=262144"
    "memorysetup-allocator-temp-initial-block-size-main=262144"
    "memorysetup-allocator-temp-initial-block-size-worker=262144"
    "memorysetup-temp-allocator-size-background-worker=32768"
    "memorysetup-temp-allocator-size-job-worker=262144"
    "memorysetup-temp-allocator-size-preload-manager=33554432"
    "memorysetup-temp-allocator-size-nav-mesh-worker=65536"
    "memorysetup-temp-allocator-size-audio-worker=65536"
    "memorysetup-temp-allocator-size-cloud-worker=32768"
    "memorysetup-temp-allocator-size-gi-baking-worker=262144"
    "memorysetup-temp-allocator-size-gfx=262144"
Player connection [27488] Host "[IP] 172.30.1.42 [Port] 0 [Flags] 2 [Guid] 1570686226 [EditorId] 1570686226 [Version] 1048832 [Id] WindowsEditor(7,BOOK-S80OIICMDM) [Debug] 1 [PackageName] WindowsEditor [ProjectName] Editor" joined multi-casting on [225.0.0.222:54997]...

Player connection [27488] Host "[IP] 172.30.1.42 [Port] 0 [Flags] 2 [Guid] 1570686226 [EditorId] 1570686226 [Version] 1048832 [Id] WindowsEditor(7,BOOK-S80OIICMDM) [Debug] 1 [PackageName] WindowsEditor [ProjectName] Editor" joined alternative multi-casting on [225.0.0.222:34997]...

[Physics::Module] Initialized MultithreadedJobDispatcher with 21 workers.
Refreshing native plugins compatible for Editor in 14.91 ms, found 4 plugins.
Preloading 0 native plugins for Editor in 0.00 ms.
Initialize engine version: 2022.3.17f1 (4fc78088f837)
[Subsystems] Discovering subsystems at path C:/Program Files/Unity/Hub/Editor/2022.3.17f1/Editor/Data/Resources/UnitySubsystems
[Subsystems] Discovering subsystems at path C:/Users/happy/OneDrive/ë°”íƒ• í™”ë©´/EscapeX/Assets
GfxDevice: creating device client; threaded=0; jobified=0
Direct3D:
    Version:  Direct3D 11.0 [level 11.1]
    Renderer: Intel(R) Arc(TM) Graphics (ID=0x7d55)
    Vendor:   Intel
    VRAM:     16174 MB
    Driver:   31.0.101.5125
Initialize mono
Mono path[0] = 'C:/Program Files/Unity/Hub/Editor/2022.3.17f1/Editor/Data/Managed'
Mono path[1] = 'C:/Program Files/Unity/Hub/Editor/2022.3.17f1/Editor/Data/MonoBleedingEdge/lib/mono/unityjit-win32'
Mono config path = 'C:/Program Files/Unity/Hub/Editor/2022.3.17f1/Editor/Data/MonoBleedingEdge/etc'
Using monoOptions --debugger-agent=transport=dt_socket,embedding=1,server=y,suspend=n,address=127.0.0.1:56384
Begin MonoManager ReloadAssembly
Registering precompiled unity dll's ...
Register platform support module: C:/Program Files/Unity/Hub/Editor/2022.3.17f1/Editor/Data/PlaybackEngines/AndroidPlayer/UnityEditor.Android.Extensions.dll
Register platform support module: C:/Program Files/Unity/Hub/Editor/2022.3.17f1/Editor/Data/PlaybackEngines/WindowsStandaloneSupport/UnityEditor.WindowsStandalone.Extensions.dll
Registered in 0.005417 seconds.
- Loaded All Assemblies, in  0.300 seconds
Native extension for WindowsStandalone target not found
Native extension for Android target not found
Multiple ADB server instances found, the following ADB server instance have been terminated due to being run from another SDK. Process paths: 
C:\Program Files\Unity\Hub\Editor\2022.3.16f1\Editor\Data\PlaybackEngines\AndroidPlayer\SDK\platform-tools\adb.exe
UnityEngine.StackTraceUtility:ExtractStackTrace ()
UnityEngine.DebugLogHandler:LogFormat (UnityEngine.LogType,UnityEngine.Object,string,object[])
UnityEngine.Logger:Log (UnityEngine.LogType,object)
UnityEngine.Debug:Log (object)
UnityEditor.Android.AndroidDeploymentTargetsExtension:GetKnownTargets (UnityEditor.DeploymentTargets.IDeploymentTargetsMainThreadContext,UnityEditor.ProgressHandler)
UnityEditor.Android.TargetScanWorker:ScanSync ()
UnityEditor.Android.TargetExtension:OnUsbDevicesChanged (UnityEditor.Hardware.UsbDevice[])
UnityEditor.Android.TargetExtension:OnLoad ()
UnityEditor.Modules.ModuleManager:InitializePlatformSupportModules ()

Android Extension - Scanning For ADB Devices 2367 ms
Mono: successfully reloaded assembly
- Finished resetting the current domain, in  2.710 seconds
Domain Reload Profiling: 3009ms
	BeginReloadAssembly (93ms)
		ExecutionOrderSort (0ms)
		DisableScriptedObjects (0ms)
		BackupInstance (0ms)
		ReleaseScriptingObjects (0ms)
		CreateAndSetChildDomain (1ms)
	RebuildCommonClasses (28ms)
	RebuildNativeTypeToScriptingClass (9ms)
	initialDomainReloadingComplete (52ms)
	LoadAllAssembliesAndSetupDomain (118ms)
		LoadAssemblies (92ms)
		RebuildTransferFunctionScriptingTraits (0ms)
		AnalyzeDomain (115ms)
			TypeCache.Refresh (114ms)
				TypeCache.ScanAssembly (103ms)
			ScanForSourceGeneratedMonoScriptInfo (0ms)
			ResolveRequiredComponents (0ms)
	FinalizeReload (2711ms)
		ReleaseScriptCaches (0ms)
		RebuildScriptCaches (0ms)
		SetupLoadedEditorAssemblies (2660ms)
			LogAssemblyErrors (0ms)
			InitializePlatformSupportModulesInManaged (2482ms)
			SetLoadedEditorAssemblies (5ms)
			RefreshPlugins (0ms)
			BeforeProcessingInitializeOnLoad (2ms)
			ProcessInitializeOnLoadAttributes (120ms)
			ProcessInitializeOnLoadMethodAttributes (50ms)
			AfterProcessingInitializeOnLoad (0ms)
			EditorAssembliesLoaded (0ms)
		ExecutionOrderSort2 (0ms)
		AwakeInstancesAfterBackupRestoration (0ms)
========================================================================
Worker process is ready to serve import requests
Begin MonoManager ReloadAssembly
- Loaded All Assemblies, in  0.848 seconds
Refreshing native plugins compatible for Editor in 6.11 ms, found 4 plugins.
Native extension for WindowsStandalone target not found
Native extension for Android target not found
Package Manager log level set to [2]
[Package Manager] Server::EnsureServerProcessIsRunning -- launch failed, reason: Unity was launched with the -noUpm command-line argument
[Package Manager] UpmClient::Send -- Unable to send message (not connected to UPM process).
[Package Manager] Cannot connect to Unity Package Manager local server
Mono: successfully reloaded assembly
- Finished resetting the current domain, in  0.633 seconds
Domain Reload Profiling: 1478ms
	BeginReloadAssembly (165ms)
		ExecutionOrderSort (0ms)
		DisableScriptedObjects (7ms)
		BackupInstance (0ms)
		ReleaseScriptingObjects (0ms)
		CreateAndSetChildDomain (24ms)
	RebuildCommonClasses (35ms)
	RebuildNativeTypeToScriptingClass (11ms)
	initialDomainReloadingComplete (42ms)
	LoadAllAssembliesAndSetupDomain (593ms)
		LoadAssemblies (512ms)
		RebuildTransferFunctionScriptingTraits (0ms)
		AnalyzeDomain (177ms)
			TypeCache.Refresh (149ms)
				TypeCache.ScanAssembly (131ms)
			ScanForSourceGeneratedMonoScriptInfo (22ms)
			ResolveRequiredComponents (6ms)
	FinalizeReload (633ms)
		ReleaseScriptCaches (0ms)
		RebuildScriptCaches (0ms)
		SetupLoadedEditorAssemblies (467ms)
			LogAssemblyErrors (0ms)
			InitializePlatformSupportModulesInManaged (26ms)
			SetLoadedEditorAssemblies (3ms)
			RefreshPlugins (0ms)
			BeforeProcessingInitializeOnLoad (64ms)
			ProcessInitializeOnLoadAttributes (328ms)
			ProcessInitializeOnLoadMethodAttributes (40ms)
			AfterProcessingInitializeOnLoad (4ms)
			EditorAssembliesLoaded (1ms)
		ExecutionOrderSort2 (0ms)
		AwakeInstancesAfterBackupRestoration (6ms)
Launched and connected shader compiler UnityShaderCompiler.exe after 0.06 seconds
Refreshing native plugins compatible for Editor in 6.43 ms, found 4 plugins.
Preloading 0 native plugins for Editor in 0.00 ms.
Unloading 4019 Unused Serialized files (Serialized files now loaded: 0)
Unloading 70 unused Assets / (244.3 KB). Loaded Objects now: 4477.
Memory consumption went from 155.4 MB to 155.1 MB.
Total: 3.545000 ms (FindLiveObjects: 0.252500 ms CreateObjectMapping: 0.067900 ms MarkObjects: 2.990500 ms  DeleteObjects: 0.232900 ms)

AssetImportParameters requested are different than current active one (requested -> active):
  custom:container-demuxer-ogg: 62fdf1f143b41e24485cea50d1cbac27 -> 
  custom:video-codec-MediaFoundation-h265: 746d11721c4dcdbdad8f713fa42b33f4 -> 
  custom:video-decoder-ogg-theora: a1e56fd34408186e4bbccfd4996cb3dc -> 
  custom:framework-win-MediaFoundation: 216162199b28c13a410421893ffa2e32 -> 
  custom:CustomObjectIndexerAttribute: 6d391050e5a25f67b0a2c618074f2cd9 -> 
  custom:container-demuxer-webm: 4f35f7cbe854078d1ac9338744f61a02 -> 
  custom:container-muxer-webm: aa71ff27fc2769a1b78a27578f13a17b -> 
  custom:video-decoder-webm-vp8: 9c59270c3fd7afecdb556c50c9e8de78 -> 
  custom:SearchIndexIgnoredProperties: e643bd26f0fe6173181afceb89e7c659 -> 
  custom:AudioImporter_EditorPlatform: d09bf68614088b80899f8185d706f6e7 -> 
  custom:video-encoder-webm-vp8: eb34c28f22e8b96e1ab97ce403110664 -> 
  custom:audio-decoder-ogg-vorbis: bf7c407c2cedff20999df2af8eb42d56 -> 
  custom:audio-encoder-webm-vorbis: bf7c407c2cedff20999df2af8eb42d56 -> 
========================================================================
Received Import Request.
  Time since last request: 102056.987498 seconds.
  path: Assets/Pixel Adventure 1/Assets/Background/Brown.png
  artifactKey: Guid(ca6a66f8e2ae9c24c8c6b39c49206a0d) Importer(815301076,1909f56bfc062723c751e8b465ee728b)
Start importing Assets/Pixel Adventure 1/Assets/Background/Brown.png using Guid(ca6a66f8e2ae9c24c8c6b39c49206a0d) Importer(815301076,1909f56bfc062723c751e8b465ee728b)  -> (artifact id: 'a5e5e9cd466b6fc139b7f2b0957c5710') in 0.092471 seconds
Number of updated asset objects reloaded before import = 0
Number of asset objects unloaded after import = 3
========================================================================
Received Import Request.
  Time since last request: 0.000028 seconds.
  path: Assets/Pixel Adventure 1/Assets/Background/Pink.png
  artifactKey: Guid(348c3b734b11d3b4aa5c69e25b7113e6) Importer(815301076,1909f56bfc062723c751e8b465ee728b)
Start importing Assets/Pixel Adventure 1/Assets/Background/Pink.png using Guid(348c3b734b11d3b4aa5c69e25b7113e6) Importer(815301076,1909f56bfc062723c751e8b465ee728b)  -> (artifact id: 'aeb6668a4f5fead4d96c83cda254e09b') in 0.015644 seconds
Number of updated asset objects reloaded before import = 0
Number of asset objects unloaded after import = 3
========================================================================
Received Import Request.
  Time since last request: 36.012438 seconds.
  path: Assets/Tilemap/Terrain (16x16)_2.asset
  artifactKey: Guid(02ccf626e21d19c4c94a11dadde3fd9a) Importer(815301076,1909f56bfc062723c751e8b465ee728b)
Start importing Assets/Tilemap/Terrain (16x16)_2.asset using Guid(02ccf626e21d19c4c94a11dadde3fd9a) Importer(815301076,1909f56bfc062723c751e8b465ee728b)  -> (artifact id: '4c54d676e3c09cb76f957562a100e91c') in 0.023592 seconds
Number of updated asset objects reloaded before import = 0
Number of asset objects unloaded after import = 3
========================================================================
Received Import Request.
  Time since last request: 0.000028 seconds.
  path: Assets/Tilemap/Terrain (16x16)_29.asset
  artifactKey: Guid(0dba903120b194b43a33f57b952baa90) Importer(815301076,1909f56bfc062723c751e8b465ee728b)
Start importing Assets/Tilemap/Terrain (16x16)_29.asset using Guid(0dba903120b194b43a33f57b952baa90) Importer(815301076,1909f56bfc062723c751e8b465ee728b)  -> (artifact id: '7c90bc079f2b6932e2b656ca8665a1b9') in 0.015456 seconds
Number of updated asset objects reloaded before import = 0
Number of asset objects unloaded after import = 3
========================================================================
Received Import Request.
  Time since last request: 0.000028 seconds.
  path: Assets/Tilemap/Terrain (16x16)_16.asset
  artifactKey: Guid(4134e84f96dee5c41b5cbff5ed97a91c) Importer(815301076,1909f56bfc062723c751e8b465ee728b)
Start importing Assets/Tilemap/Terrain (16x16)_16.asset using Guid(4134e84f96dee5c41b5cbff5ed97a91c) Importer(815301076,1909f56bfc062723c751e8b465ee728b)  -> (artifact id: '247c06e47c4fce8d96ba3daf3d59a569') in 0.016767 seconds
Number of updated asset objects reloaded before import = 0
Number of asset objects unloaded after import = 3
========================================================================
Received Import Request.
  Time since last request: 0.000036 seconds.
  path: Assets/Tilemap/Terrain (16x16)_25.asset
  artifactKey: Guid(b03b2009ae2522c48b2b18d2fbf01fc1) Importer(815301076,1909f56bfc062723c751e8b465ee728b)
Start importing Assets/Tilemap/Terrain (16x16)_25.asset using Guid(b03b2009ae2522c48b2b18d2fbf01fc1) Importer(815301076,1909f56bfc062723c751e8b465ee728b)  -> (artifact id: 'ca599b8b6a47873296895077dbb40942') in 0.017079 seconds
Number of updated asset objects reloaded before import = 0
Number of asset objects unloaded after import = 3
========================================================================
Received Import Request.
  Time since last request: 0.000029 seconds.
  path: Assets/Tilemap/Terrain (16x16)_20.asset
  artifactKey: Guid(ee29ff40ad454ec4b8bf5f4e8da0c17f) Importer(815301076,1909f56bfc062723c751e8b465ee728b)
Start importing Assets/Tilemap/Terrain (16x16)_20.asset using Guid(ee29ff40ad454ec4b8bf5f4e8da0c17f) Importer(815301076,1909f56bfc062723c751e8b465ee728b)  -> (artifact id: 'c6c97f1d152dd5b215a7325e5f95538f') in 0.016344 seconds
Number of updated asset objects reloaded before import = 0
Number of asset objects unloaded after import = 3
========================================================================
Received Import Request.
  Time since last request: 0.000024 seconds.
  path: Assets/Tilemap/Terrain (16x16)_24.asset
  artifactKey: Guid(22f6e6edb02983342a69d4b9e2ba9308) Importer(815301076,1909f56bfc062723c751e8b465ee728b)
Start importing Assets/Tilemap/Terrain (16x16)_24.asset using Guid(22f6e6edb02983342a69d4b9e2ba9308) Importer(815301076,1909f56bfc062723c751e8b465ee728b)  -> (artifact id: '17e9643f60b3ae7a8b9e057db5082479') in 0.016861 seconds
Number of updated asset objects reloaded before import = 0
Number of asset objects unloaded after import = 3
========================================================================
Received Import Request.
  Time since last request: 0.000031 seconds.
  path: Assets/Tilemap/Terrain (16x16)_18.asset
  artifactKey: Guid(81d6d2081d44e564a98f6d734553e51f) Importer(815301076,1909f56bfc062723c751e8b465ee728b)
Start importing Assets/Tilemap/Terrain (16x16)_18.asset using Guid(81d6d2081d44e564a98f6d734553e51f) Importer(815301076,1909f56bfc062723c751e8b465ee728b)  -> (artifact id: 'b05f286d4ca8746109ff328e2beaff26') in 0.017473 seconds
Number of updated asset objects reloaded before import = 0
Number of asset objects unloaded after import = 3
========================================================================
Received Import Request.
  Time since last request: 0.000022 seconds.
  path: Assets/Tilemap/Terrain (16x16)_3.asset
  artifactKey: Guid(29c59b6824ddf434d992ddd125a795d3) Importer(815301076,1909f56bfc062723c751e8b465ee728b)
Start importing Assets/Tilemap/Terrain (16x16)_3.asset using Guid(29c59b6824ddf434d992ddd125a795d3) Importer(815301076,1909f56bfc062723c751e8b465ee728b)  -> (artifact id: 'b8a03bdb465baae745bd59ecc5f48672') in 0.015932 seconds
Number of updated asset objects reloaded before import = 0
Number of asset objects unloaded after import = 3
========================================================================
Received Import Request.
  Time since last request: 0.000037 seconds.
  path: Assets/Tilemap/Terrain (16x16)_4.asset
  artifactKey: Guid(28440666b45df8d44b592ced5772af76) Importer(815301076,1909f56bfc062723c751e8b465ee728b)
Start importing Assets/Tilemap/Terrain (16x16)_4.asset using Guid(28440666b45df8d44b592ced5772af76) Importer(815301076,1909f56bfc062723c751e8b465ee728b)  -> (artifact id: '4551ff9ba9d08d28a2ff24e6fcbce638') in 0.016932 seconds
Number of updated asset objects reloaded before import = 0
Number of asset objects unloaded after import = 3
========================================================================
Received Import Request.
  Time since last request: 0.000024 seconds.
  path: Assets/Tilemap/Terrain (16x16)_17.asset
  artifactKey: Guid(e693f3b733bd2b9489bfe2b6b5a3283b) Importer(815301076,1909f56bfc062723c751e8b465ee728b)
Start importing Assets/Tilemap/Terrain (16x16)_17.asset using Guid(e693f3b733bd2b9489bfe2b6b5a3283b) Importer(815301076,1909f56bfc062723c751e8b465ee728b)  -> (artifact id: '42e0b5433349547fd3e410645b6511f9') in 0.014554 seconds
Number of updated asset objects reloaded before import = 0
Number of asset objects unloaded after import = 3
========================================================================
Received Import Request.
  Time since last request: 0.000040 seconds.
  path: Assets/Tilemap/Terrain (16x16)_6.asset
  artifactKey: Guid(37032d1150079804dbeffa2da4691917) Importer(815301076,1909f56bfc062723c751e8b465ee728b)
Start importing Assets/Tilemap/Terrain (16x16)_6.asset using Guid(37032d1150079804dbeffa2da4691917) Importer(815301076,1909f56bfc062723c751e8b465ee728b)  -> (artifact id: 'a06883483dd31999666f815639b18859') in 0.018569 seconds
Number of updated asset objects reloaded before import = 0
Number of asset objects unloaded after import = 3
========================================================================
Received Import Request.
  Time since last request: 0.368869 seconds.
  path: Assets/Tilemap/Terrain (16x16)_33.asset
  artifactKey: Guid(8c6de6089841e504abab1ce50f04c1ed) Importer(815301076,1909f56bfc062723c751e8b465ee728b)
Start importing Assets/Tilemap/Terrain (16x16)_33.asset using Guid(8c6de6089841e504abab1ce50f04c1ed) Importer(815301076,1909f56bfc062723c751e8b465ee728b)  -> (artifact id: '4ef132e4060d13776919ffa78b51d20c') in 0.014542 seconds
Number of updated asset objects reloaded before import = 0
Number of asset objects unloaded after import = 3
========================================================================
Received Import Request.
  Time since last request: 0.000048 seconds.
  path: Assets/Tilemap/Terrain (16x16)_35.asset
  artifactKey: Guid(faee63aa905c56a438f12c0813b81109) Importer(815301076,1909f56bfc062723c751e8b465ee728b)
Start importing Assets/Tilemap/Terrain (16x16)_35.asset using Guid(faee63aa905c56a438f12c0813b81109) Importer(815301076,1909f56bfc062723c751e8b465ee728b)  -> (artifact id: '343d42c9b0e9de99f45124c174d92992') in 0.015051 seconds
Number of updated asset objects reloaded before import = 0
Number of asset objects unloaded after import = 3
========================================================================
Received Import Request.
  Time since last request: 0.000026 seconds.
  path: Assets/Tilemap/Terrain (16x16)_39.asset
  artifactKey: Guid(eaa143f486fbe4341be750efe893e623) Importer(815301076,1909f56bfc062723c751e8b465ee728b)
Start importing Assets/Tilemap/Terrain (16x16)_39.asset using Guid(eaa143f486fbe4341be750efe893e623) Importer(815301076,1909f56bfc062723c751e8b465ee728b)  -> (artifact id: '068f2278e144ea25ed94551361b00d83') in 0.023096 seconds
Number of updated asset objects reloaded before import = 0
Number of asset objects unloaded after import = 3
========================================================================
Received Import Request.
  Time since last request: 0.007297 seconds.
  path: Assets/Tilemap/Terrain (16x16)_43.asset
  artifactKey: Guid(ebe80a7dedbc53143ac7c090f1474c20) Importer(815301076,1909f56bfc062723c751e8b465ee728b)
Start importing Assets/Tilemap/Terrain (16x16)_43.asset using Guid(ebe80a7dedbc53143ac7c090f1474c20) Importer(815301076,1909f56bfc062723c751e8b465ee728b)  -> (artifact id: '208ed89a40876aa90c71098c6ba7aa3a') in 0.015443 seconds
Number of updated asset objects reloaded before import = 0
Number of asset objects unloaded after import = 3
========================================================================
Received Import Request.
  Time since last request: 0.000025 seconds.
  path: Assets/Tilemap/Terrain (16x16)_45.asset
  artifactKey: Guid(1826a561b4c60e040bd276c2c22b77d2) Importer(815301076,1909f56bfc062723c751e8b465ee728b)
Start importing Assets/Tilemap/Terrain (16x16)_45.asset using Guid(1826a561b4c60e040bd276c2c22b77d2) Importer(815301076,1909f56bfc062723c751e8b465ee728b)  -> (artifact id: '90ee73e17b4a495a1a78a35a1c6e6d68') in 0.014444 seconds
Number of updated asset objects reloaded before import = 0
Number of asset objects unloaded after import = 3
========================================================================
Received Import Request.
  Time since last request: 0.000027 seconds.
  path: Assets/Tilemap/Terrain (16x16)_49.asset
  artifactKey: Guid(265038adff8b96145a683b396f998f54) Importer(815301076,1909f56bfc062723c751e8b465ee728b)
Start importing Assets/Tilemap/Terrain (16x16)_49.asset using Guid(265038adff8b96145a683b396f998f54) Importer(815301076,1909f56bfc062723c751e8b465ee728b)  -> (artifact id: '49ff771b7274ad847face65554b8309b') in 0.015314 seconds
Number of updated asset objects reloaded before import = 0
Number of asset objects unloaded after import = 3
========================================================================
Received Import Request.
  Time since last request: 0.291025 seconds.
  path: Assets/Tilemap/Terrain (16x16)_53.asset
  artifactKey: Guid(49ad24a11cba8344a9f53536d7f251b8) Importer(815301076,1909f56bfc062723c751e8b465ee728b)
Start importing Assets/Tilemap/Terrain (16x16)_53.asset using Guid(49ad24a11cba8344a9f53536d7f251b8) Importer(815301076,1909f56bfc062723c751e8b465ee728b)  -> (artifact id: '7e056f601dfa4f5e4708ba1aee7adf33') in 0.017733 seconds
Number of updated asset objects reloaded before import = 0
Number of asset objects unloaded after import = 3
========================================================================
Received Import Request.
  Time since last request: 0.000025 seconds.
  path: Assets/Tilemap/Terrain (16x16)_56.asset
  artifactKey: Guid(21e7da1231a84ad4cb06b34aa4272ae9) Importer(815301076,1909f56bfc062723c751e8b465ee728b)
Start importing Assets/Tilemap/Terrain (16x16)_56.asset using Guid(21e7da1231a84ad4cb06b34aa4272ae9) Importer(815301076,1909f56bfc062723c751e8b465ee728b)  -> (artifact id: '7b4b4530a4de4c7a1c3a3c0cd6fb9b75') in 0.016377 seconds
Number of updated asset objects reloaded before import = 0
Number of asset objects unloaded after import = 3
========================================================================
Received Import Request.
  Time since last request: 0.024688 seconds.
  path: Assets/Tilemap/Terrain (16x16)_63.asset
  artifactKey: Guid(8eaf8cad508000b449a0c1350e6090be) Importer(815301076,1909f56bfc062723c751e8b465ee728b)
Start importing Assets/Tilemap/Terrain (16x16)_63.asset using Guid(8eaf8cad508000b449a0c1350e6090be) Importer(815301076,1909f56bfc062723c751e8b465ee728b)  -> (artifact id: '3e0e31b6eba9356bff48208932451ffa') in 0.016063 seconds
Number of updated asset objects reloaded before import = 0
Number of asset objects unloaded after import = 3
========================================================================
Received Import Request.
  Time since last request: 0.000023 seconds.
  path: Assets/Tilemap/Terrain (16x16)_68.asset
  artifactKey: Guid(ff588245c263a6f4f939acd6ba52e324) Importer(815301076,1909f56bfc062723c751e8b465ee728b)
Start importing Assets/Tilemap/Terrain (16x16)_68.asset using Guid(ff588245c263a6f4f939acd6ba52e324) Importer(815301076,1909f56bfc062723c751e8b465ee728b)  -> (artifact id: 'cb2a98ecad75c1ca30705682a515a7d3') in 0.014201 seconds
Number of updated asset objects reloaded before import = 0
Number of asset objects unloaded after import = 3
========================================================================
Received Import Request.
  Time since last request: 0.000027 seconds.
  path: Assets/Tilemap/Terrain (16x16)_64.asset
  artifactKey: Guid(81b153b28cb045e42b134c4397258760) Importer(815301076,1909f56bfc062723c751e8b465ee728b)
Start importing Assets/Tilemap/Terrain (16x16)_64.asset using Guid(81b153b28cb045e42b134c4397258760) Importer(815301076,1909f56bfc062723c751e8b465ee728b)  -> (artifact id: '84220587f08ba2984c9fc2254f3cf604') in 0.015943 seconds
Number of updated asset objects reloaded before import = 0
Number of asset objects unloaded after import = 3
========================================================================
Received Import Request.
  Time since last request: 0.353161 seconds.
  path: Assets/Tilemap/Terrain (16x16)_73.asset
  artifactKey: Guid(070ba2efb9e58b849bac8e3246555d78) Importer(815301076,1909f56bfc062723c751e8b465ee728b)
Start importing Assets/Tilemap/Terrain (16x16)_73.asset using Guid(070ba2efb9e58b849bac8e3246555d78) Importer(815301076,1909f56bfc062723c751e8b465ee728b)  -> (artifact id: 'a4495aa834df50f6184de72acb66bae8') in 0.028012 seconds
Number of updated asset objects reloaded before import = 0
Number of asset objects unloaded after import = 3
========================================================================
Received Import Request.
  Time since last request: 0.000027 seconds.
  path: Assets/Tilemap/Terrain (16x16)_88.asset
  artifactKey: Guid(5311f976b4536b24ab6863b2da4a91fc) Importer(815301076,1909f56bfc062723c751e8b465ee728b)
Start importing Assets/Tilemap/Terrain (16x16)_88.asset using Guid(5311f976b4536b24ab6863b2da4a91fc) Importer(815301076,1909f56bfc062723c751e8b465ee728b)  -> (artifact id: 'e4d46a28f2303465af7c3844a9bf3d1c') in 0.018450 seconds
Number of updated asset objects reloaded before import = 0
Number of asset objects unloaded after import = 3
========================================================================
Received Import Request.
  Time since last request: 0.000026 seconds.
  path: Assets/Tilemap/Terrain (16x16)_96.asset
  artifactKey: Guid(a375932ea032923438f230d0ee844d43) Importer(815301076,1909f56bfc062723c751e8b465ee728b)
Start importing Assets/Tilemap/Terrain (16x16)_96.asset using Guid(a375932ea032923438f230d0ee844d43) Importer(815301076,1909f56bfc062723c751e8b465ee728b)  -> (artifact id: '2f0f62216899e6e85ad0ddb956d30f0c') in 0.021141 seconds
Number of updated asset objects reloaded before import = 0
Number of asset objects unloaded after import = 3
========================================================================
Received Import Request.
  Time since last request: 0.000038 seconds.
  path: Assets/Tilemap/Terrain (16x16)_77.asset
  artifactKey: Guid(edc19db2bddf8644387807dfc3ca8ab3) Importer(815301076,1909f56bfc062723c751e8b465ee728b)
Start importing Assets/Tilemap/Terrain (16x16)_77.asset using Guid(edc19db2bddf8644387807dfc3ca8ab3) Importer(815301076,1909f56bfc062723c751e8b465ee728b)  -> (artifact id: '84d9d12f1c3229c7894be3ad8471d10b') in 0.019459 seconds
Number of updated asset objects reloaded before import = 0
Number of asset objects unloaded after import = 3
========================================================================
Received Import Request.
  Time since last request: 0.000044 seconds.
  path: Assets/Tilemap/Terrain (16x16)_105.asset
  artifactKey: Guid(4d65f627a6b780446862ad5179412aaa) Importer(815301076,1909f56bfc062723c751e8b465ee728b)
Start importing Assets/Tilemap/Terrain (16x16)_105.asset using Guid(4d65f627a6b780446862ad5179412aaa) Importer(815301076,1909f56bfc062723c751e8b465ee728b)  -> (artifact id: '3261b6dd5a7af2d0da03c5761b892626') in 0.016974 seconds
Number of updated asset objects reloaded before import = 0
Number of asset objects unloaded after import = 3
========================================================================
Received Import Request.
  Time since last request: 0.000028 seconds.
  path: Assets/Tilemap/Terrain (16x16)_92.asset
  artifactKey: Guid(11e4745651ac6af4ba5c04a34a3117f4) Importer(815301076,1909f56bfc062723c751e8b465ee728b)
Start importing Assets/Tilemap/Terrain (16x16)_92.asset using Guid(11e4745651ac6af4ba5c04a34a3117f4) Importer(815301076,1909f56bfc062723c751e8b465ee728b)  -> (artifact id: '3eecfde8f1a23d1230138d82f939172b') in 0.016074 seconds
Number of updated asset objects reloaded before import = 0
Number of asset objects unloaded after import = 3
========================================================================
Received Import Request.
  Time since last request: 0.000022 seconds.
  path: Assets/Tilemap/Terrain (16x16)_119.asset
  artifactKey: Guid(7767b95e05696f64297712ddf285ff8f) Importer(815301076,1909f56bfc062723c751e8b465ee728b)
Start importing Assets/Tilemap/Terrain (16x16)_119.asset using Guid(7767b95e05696f64297712ddf285ff8f) Importer(815301076,1909f56bfc062723c751e8b465ee728b)  -> (artifact id: '42f01e806418c438a0a2a1376c631b60') in 0.018414 seconds
Number of updated asset objects reloaded before import = 0
Number of asset objects unloaded after import = 3
========================================================================
Received Import Request.
  Time since last request: 0.000029 seconds.
  path: Assets/Tilemap/Terrain (16x16)_101.asset
  artifactKey: Guid(088a26ab55788f04599e25f5a9eafe07) Importer(815301076,1909f56bfc062723c751e8b465ee728b)
Start importing Assets/Tilemap/Terrain (16x16)_101.asset using Guid(088a26ab55788f04599e25f5a9eafe07) Importer(815301076,1909f56bfc062723c751e8b465ee728b)  -> (artifact id: 'c49a00b26411298549732d133db582e0') in 0.017108 seconds
Number of updated asset objects reloaded before import = 0
Number of asset objects unloaded after import = 3
========================================================================
Received Import Request.
  Time since last request: 0.000068 seconds.
  path: Assets/Tilemap/Terrain (16x16)_97.asset
  artifactKey: Guid(484625d46fff0a344ab5c4e0e449040d) Importer(815301076,1909f56bfc062723c751e8b465ee728b)
Start importing Assets/Tilemap/Terrain (16x16)_97.asset using Guid(484625d46fff0a344ab5c4e0e449040d) Importer(815301076,1909f56bfc062723c751e8b465ee728b)  -> (artifact id: 'e7bb2173094a40698ec293afe0ead88f') in 0.018704 seconds
Number of updated asset objects reloaded before import = 0
Number of asset objects unloaded after import = 3
========================================================================
Received Import Request.
  Time since last request: 0.000021 seconds.
  path: Assets/Tilemap/Terrain (16x16)_80.asset
  artifactKey: Guid(daabeba52e3363241a2f26870d623b34) Importer(815301076,1909f56bfc062723c751e8b465ee728b)
Start importing Assets/Tilemap/Terrain (16x16)_80.asset using Guid(daabeba52e3363241a2f26870d623b34) Importer(815301076,1909f56bfc062723c751e8b465ee728b)  -> (artifact id: '786ca45d862267e06ac800691f53fc38') in 0.015511 seconds
Number of updated asset objects reloaded before import = 0
Number of asset objects unloaded after import = 3
========================================================================
Received Import Request.
  Time since last request: 0.000024 seconds.
  path: Assets/Tilemap/Terrain (16x16)_116.asset
  artifactKey: Guid(8d6b48585a578e04a9b09a53980d9121) Importer(815301076,1909f56bfc062723c751e8b465ee728b)
Start importing Assets/Tilemap/Terrain (16x16)_116.asset using Guid(8d6b48585a578e04a9b09a53980d9121) Importer(815301076,1909f56bfc062723c751e8b465ee728b)  -> (artifact id: '1caa1a52d2bb63eb27f78ae68badb4e4') in 0.020027 seconds
Number of updated asset objects reloaded before import = 0
Number of asset objects unloaded after import = 3
========================================================================
Received Import Request.
  Time since last request: 0.000037 seconds.
  path: Assets/Tilemap/Terrain (16x16)_91.asset
  artifactKey: Guid(f08cba3cab252db4c9f4ea498662c93f) Importer(815301076,1909f56bfc062723c751e8b465ee728b)
Start importing Assets/Tilemap/Terrain (16x16)_91.asset using Guid(f08cba3cab252db4c9f4ea498662c93f) Importer(815301076,1909f56bfc062723c751e8b465ee728b)  -> (artifact id: '528df0c6a41110fb959f4f3a26393344') in 0.018586 seconds
Number of updated asset objects reloaded before import = 0
Number of asset objects unloaded after import = 3
========================================================================
Received Import Request.
  Time since last request: 0.082397 seconds.
  path: Assets/Tilemap/Terrain (16x16)_123.asset
  artifactKey: Guid(0f4b7fa4f9749804cbaa3926d91f8f39) Importer(815301076,1909f56bfc062723c751e8b465ee728b)
Start importing Assets/Tilemap/Terrain (16x16)_123.asset using Guid(0f4b7fa4f9749804cbaa3926d91f8f39) Importer(815301076,1909f56bfc062723c751e8b465ee728b)  -> (artifact id: '342d5a89a3af7612f2e17ab057518652') in 0.017063 seconds
Number of updated asset objects reloaded before import = 0
Number of asset objects unloaded after import = 3
========================================================================
Received Import Request.
  Time since last request: 0.000025 seconds.
  path: Assets/Tilemap/Terrain (16x16)_125.asset
  artifactKey: Guid(87e781cb44ad71348afc3e3361c960a4) Importer(815301076,1909f56bfc062723c751e8b465ee728b)
Start importing Assets/Tilemap/Terrain (16x16)_125.asset using Guid(87e781cb44ad71348afc3e3361c960a4) Importer(815301076,1909f56bfc062723c751e8b465ee728b)  -> (artifact id: 'be30ffe34a4e5649376919bbd872ba33') in 0.013644 seconds
Number of updated asset objects reloaded before import = 0
Number of asset objects unloaded after import = 3
========================================================================
Received Import Request.
  Time since last request: 0.000334 seconds.
  path: Assets/Tilemap/Terrain (16x16)_131.asset
  artifactKey: Guid(a6788446ee22cd64ab4d0a0d3bf35a4f) Importer(815301076,1909f56bfc062723c751e8b465ee728b)
Start importing Assets/Tilemap/Terrain (16x16)_131.asset using Guid(a6788446ee22cd64ab4d0a0d3bf35a4f) Importer(815301076,1909f56bfc062723c751e8b465ee728b)  -> (artifact id: 'e92daa773350c7ef989c163cd7302697') in 0.017442 seconds
Number of updated asset objects reloaded before import = 0
Number of asset objects unloaded after import = 3
========================================================================
Received Import Request.
  Time since last request: 0.000297 seconds.
  path: Assets/Tilemap/Terrain (16x16)_138.asset
  artifactKey: Guid(9bf3042430dbec747a40c8a0ae86df60) Importer(815301076,1909f56bfc062723c751e8b465ee728b)
Start importing Assets/Tilemap/Terrain (16x16)_138.asset using Guid(9bf3042430dbec747a40c8a0ae86df60) Importer(815301076,1909f56bfc062723c751e8b465ee728b)  -> (artifact id: '04b96f4386c9c402b1234796c8456eee') in 0.017173 seconds
Number of updated asset objects reloaded before import = 0
Number of asset objects unloaded after import = 3
========================================================================
Received Import Request.
  Time since last request: 0.000190 seconds.
  path: Assets/Tilemap/Terrain (16x16)_142.asset
  artifactKey: Guid(455e1a69f32324d458607a752df64f67) Importer(815301076,1909f56bfc062723c751e8b465ee728b)
Start importing Assets/Tilemap/Terrain (16x16)_142.asset using Guid(455e1a69f32324d458607a752df64f67) Importer(815301076,1909f56bfc062723c751e8b465ee728b)  -> (artifact id: 'db3534e9445952660a870da8f0640b53') in 0.015103 seconds
Number of updated asset objects reloaded before import = 0
Number of asset objects unloaded after import = 3
========================================================================
Received Import Request.
  Time since last request: 0.000024 seconds.
  path: Assets/Tilemap/Terrain (16x16)_137.asset
  artifactKey: Guid(49bd0e8ef79cb4f4a920351da09da924) Importer(815301076,1909f56bfc062723c751e8b465ee728b)
Start importing Assets/Tilemap/Terrain (16x16)_137.asset using Guid(49bd0e8ef79cb4f4a920351da09da924) Importer(815301076,1909f56bfc062723c751e8b465ee728b)  -> (artifact id: '02aa004a5d84ee26b2660a13a5d4656f') in 0.019634 seconds
Number of updated asset objects reloaded before import = 0
Number of asset objects unloaded after import = 3
TcpMessagingSession - receive error
AssetImportWorkerClient::OnTransportError - code=10054 error=ÇöÀç ¿¬°áÀº ¿ø°Ý È£½ºÆ®¿¡ ÀÇÇØ °­Á¦·Î ²÷°å½À´Ï´Ù.
